[error] sbt.librarymanagement.ResolveException: Error downloading com.typesafe.akka:akka-http-typed_2.13:10.2.9
[error]   Not found
[error]   Not found
[error]   not found: C:\Users\Polina\.ivy2\localcom.typesafe.akka\akka-http-typed_2.13\10.2.9\ivys\ivy.xml
[error]   not found: https://repo1.maven.org/maven2/com/typesafe/akka/akka-http-typed_2.13/10.2.9/akka-http-typed_2.13-10.2.9.pom
[error] 	at lmcoursier.CoursierDependencyResolution.unresolvedWarningOrThrow(CoursierDependencyResolution.scala:345)
[error] 	at lmcoursier.CoursierDependencyResolution.$anonfun$update$38(CoursierDependencyResolution.scala:314)
[error] 	at lmcoursier.CoursierDependencyResolution$$Lambda$5246/0x000000004be66630.apply(Unknown Source)
[error] 	at scala.util.Either$LeftProjection.map(Either.scala:573)
[error] 	at lmcoursier.CoursierDependencyResolution.update(CoursierDependencyResolution.scala:314)
[error] 	at sbt.librarymanagement.DependencyResolution.update(DependencyResolution.scala:60)
[error] 	at sbt.internal.LibraryManagement$.resolve$1(LibraryManagement.scala:59)
[error] 	at sbt.internal.LibraryManagement$.$anonfun$cachedUpdate$12(LibraryManagement.scala:133)
[error] 	at sbt.internal.LibraryManagement$$$Lambda$2998/0x0000000047affa30.apply(Unknown Source)
[error] 	at sbt.util.Tracked$.$anonfun$lastOutput$1(Tracked.scala:73)
[error] 	at sbt.util.Tracked$$$Lambda$2804/0x0000000047a6b910.apply(Unknown Source)
[error] 	at sbt.internal.LibraryManagement$.$anonfun$cachedUpdate$20(LibraryManagement.scala:146)
[error] 	at sbt.internal.LibraryManagement$$$Lambda$3000/0x00000000475b03e0.apply(Unknown Source)
[error] 	at scala.util.control.Exception$Catch.apply(Exception.scala:228)
[error] 	at sbt.internal.LibraryManagement$.$anonfun$cachedUpdate$11(LibraryManagement.scala:146)
[error] 	at sbt.internal.LibraryManagement$.$anonfun$cachedUpdate$11$adapted(LibraryManagement.scala:127)
[error] 	at sbt.internal.LibraryManagement$$$Lambda$2994/0x0000000047afe890.apply(Unknown Source)
[error] 	at sbt.util.Tracked$.$anonfun$inputChangedW$1(Tracked.scala:219)
[error] 	at sbt.util.Tracked$$$Lambda$2775/0x0000000047a68040.apply(Unknown Source)
[error] 	at sbt.internal.LibraryManagement$.cachedUpdate(LibraryManagement.scala:160)
[error] 	at sbt.Classpaths$.$anonfun$updateTask0$1(Defaults.scala:3690)
[error] 	at sbt.Classpaths$$$Lambda$591/0x0000000045c72800.apply(Unknown Source)
[error] 	at scala.Function1.$anonfun$compose$1(Function1.scala:49)
[error] 	at scala.Function1$$Lambda$337/0x000000002629bcf0.apply(Unknown Source)
[error] 	at sbt.internal.util.$tilde$greater.$anonfun$$u2219$1(TypeFunctions.scala:62)
[error] 	at sbt.internal.util.$tilde$greater$$Lambda$2646/0x0000000047a3c040.apply(Unknown Source)
[error] 	at sbt.std.Transform$$anon$4.work(Transform.scala:68)
[error] 	at sbt.Execute.$anonfun$submit$2(Execute.scala:282)
[error] 	at sbt.Execute$$Lambda$2671/0x0000000047894ff0.apply(Unknown Source)
[error] 	at sbt.internal.util.ErrorHandling$.wideConvert(ErrorHandling.scala:23)
[error] 	at sbt.Execute.work(Execute.scala:291)
[error] 	at sbt.Execute.$anonfun$submit$1(Execute.scala:282)
[error] 	at sbt.Execute$$Lambda$2656/0x0000000045e914d0.apply(Unknown Source)
[error] 	at sbt.ConcurrentRestrictions$$anon$4.$anonfun$submitValid$1(ConcurrentRestrictions.scala:265)
[error] 	at sbt.ConcurrentRestrictions$$anon$4$$Lambda$2669/0x0000000045ccef50.apply(Unknown Source)
[error] 	at sbt.CompletionService$$anon$2.call(CompletionService.scala:64)
[error] 	at java.base/java.util.concurrent.FutureTask.run(FutureTask.java:264)
[error] 	at java.base/java.util.concurrent.Executors$RunnableAdapter.call(Executors.java:515)
[error] 	at java.base/java.util.concurrent.FutureTask.run(FutureTask.java:264)
[error] 	at java.base/java.util.concurrent.ThreadPoolExecutor.runWorker(ThreadPoolExecutor.java:1128)
[error] 	at java.base/java.util.concurrent.ThreadPoolExecutor$Worker.run(ThreadPoolExecutor.java:628)
[error] 	at java.base/java.lang.Thread.run(Thread.java:836)
[error] (ssExtractDependencies) sbt.librarymanagement.ResolveException: Error downloading com.typesafe.akka:akka-http-typed_2.13:10.2.9
[error]   Not found
[error]   Not found
[error]   not found: C:\Users\Polina\.ivy2\localcom.typesafe.akka\akka-http-typed_2.13\10.2.9\ivys\ivy.xml
[error]   not found: https://repo1.maven.org/maven2/com/typesafe/akka/akka-http-typed_2.13/10.2.9/akka-http-typed_2.13-10.2.9.pom
